<?xml version="1.0" encoding="UTF-8"?>
<!-- Generated by org.testng.reporters.JUnitReportReporter -->
<testsuite hostname="APL-5CD0506YW4" failures="0" tests="4" name="package1.HomePageTest" time="0.010" errors="0" timestamp="2022-03-05T12:42:23 IST" skipped="0">
  <testcase classname="package1.HomePageTest" name="test8" time="0.001"/>
  <system-out/>
  <testcase classname="package1.HomePageTest" name="test6" time="0.009"/>
  <system-out/>
  <testcase classname="package1.HomePageTest" name="test7" time="0.000"/>
  <system-out/>
  <testcase classname="package1.HomePageTest" name="test3" time="0.000"/>
  <system-out/>
</testsuite> <!-- package1.HomePageTest -->
