<?xml version="1.0" encoding="UTF-8"?>
<!-- Generated by org.testng.reporters.JUnitReportReporter -->
<testsuite hostname="APL-5CD0506YW4" failures="0" tests="3" name="package1.AnnotationExample" time="0.008" errors="0" timestamp="2022-03-05T12:32:48 IST" skipped="0">
  <testcase classname="package1.AnnotationExample" name="test5" time="0.005"/>
  <system-out/>
  <testcase classname="package1.AnnotationExample" name="test1" time="0.002"/>
  <system-out/>
  <testcase classname="package1.AnnotationExample" name="test2" time="0.001"/>
  <system-out/>
</testsuite> <!-- package1.AnnotationExample -->
