<?xml version="1.0" encoding="UTF-8"?>
<!-- Generated by org.testng.reporters.JUnitReportReporter -->
<testsuite hostname="APL-5CD0506YW4" failures="0" tests="1" name="test.HomePageTest" time="0.004" errors="0" timestamp="2022-03-05T10:46:41 IST" skipped="0">
  <testcase classname="test.HomePageTest" name="test3" time="0.004"/>
  <system-out/>
</testsuite> <!-- test.HomePageTest -->
