<?xml version="1.0" encoding="UTF-8"?>
<!-- Generated by org.testng.reporters.JUnitReportReporter -->
<testsuite hostname="APL-5CD0506YW4" failures="0" tests="1" name="package2.CheckoutTest" time="0.004" errors="0" timestamp="2022-03-05T12:22:19 IST" skipped="0">
  <testcase classname="package2.CheckoutTest" name="test4" time="0.004"/>
  <system-out/>
</testsuite> <!-- package2.CheckoutTest -->
